<?xml version="1.0" encoding="UTF-8"?>
<!-- Generated by org.testng.reporters.JUnitReportReporter -->
<testsuite hostname="DESKTOP-QD1I7FB" failures="0" tests="2" name="com.test.TestCase" time="0.019" errors="0" timestamp="2024-03-21T13:22:59 IST" skipped="0">
  <testcase classname="com.test.TestCase" name="test2" time="0.003"/>
  <system-out/>
  <testcase classname="com.test.TestCase" name="test1" time="0.016"/>
  <system-out/>
</testsuite> <!-- com.test.TestCase -->
