<?xml version="1.0" encoding="UTF-8"?>
<!-- Generated by org.testng.reporters.JUnitReportReporter -->
<testsuite hostname="DESKTOP-QD1I7FB" failures="0" tests="2" name="com.test.TestCase$Extent_Test_Sample" time="0.033" errors="0" timestamp="2024-03-19T19:44:46 IST" skipped="0">
  <testcase classname="com.test.TestCase$Extent_Test_Sample" name="test1" time="0.021"/>
  <system-out/>
  <testcase classname="com.test.TestCase$Extent_Test_Sample" name="test2" time="0.012"/>
  <system-out/>
</testsuite> <!-- com.test.TestCase$Extent_Test_Sample -->
