<?xml version="1.0" encoding="UTF-8"?>
<!-- Generated by org.testng.reporters.JUnitReportReporter -->
<testsuite hostname="DESKTOP-QD1I7FB" failures="0" tests="2" name="com.test.Data_Provider" time="0.013" errors="0" timestamp="2024-03-19T14:03:20 IST" skipped="0">
  <testcase classname="com.test.Data_Provider" name="test1" time="0.007"/>
  <system-out/>
  <testcase classname="com.test.Data_Provider" name="test2" time="0.006"/>
  <system-out/>
</testsuite> <!-- com.test.Data_Provider -->
